<?xml version="1.0" encoding="UTF-8"?>
<testng-results ignored="0" total="2" passed="2" failed="0" skipped="0">
  <reporter-output>
  </reporter-output>
  <suite started-at="2025-08-12T15:19:07 IST" name="OrangeHRM Suite" finished-at="2025-08-12T15:19:22 IST" duration-ms="14282">
    <groups>
    </groups>
    <test started-at="2025-08-12T15:19:07 IST" name="ChromeTest" finished-at="2025-08-12T15:19:18 IST" duration-ms="10738">
      <class name="tests.LoginTest">
        <test-method is-config="true" signature="setUp(java.lang.String)[pri:0, instance:tests.LoginTest@794cb805]" started-at="2025-08-12T15:19:07 IST" name="setUp" finished-at="2025-08-12T15:19:14 IST" duration-ms="6465" status="PASS">
          <params>
            <param index="0">
              <value>
                <![CDATA[chrome]]>
              </value>
            </param>
          </params>
          <reporter-output>
          </reporter-output>
        </test-method> <!-- setUp -->
        <test-method signature="testValidLogin()[pri:0, instance:tests.LoginTest@794cb805]" started-at="2025-08-12T15:19:14 IST" name="testValidLogin" finished-at="2025-08-12T15:19:18 IST" duration-ms="3972" status="PASS">
          <reporter-output>
          </reporter-output>
        </test-method> <!-- testValidLogin -->
        <test-method is-config="true" signature="tearDown()[pri:0, instance:tests.LoginTest@794cb805]" started-at="2025-08-12T15:19:18 IST" name="tearDown" finished-at="2025-08-12T15:19:18 IST" duration-ms="243" status="PASS">
          <reporter-output>
          </reporter-output>
        </test-method> <!-- tearDown -->
      </class> <!-- tests.LoginTest -->
    </test> <!-- ChromeTest -->
    <test started-at="2025-08-12T15:19:07 IST" name="FirefoxTest" finished-at="2025-08-12T15:19:22 IST" duration-ms="14282">
      <class name="tests.LoginTest">
        <test-method is-config="true" signature="setUp(java.lang.String)[pri:0, instance:tests.LoginTest@3911c2a7]" started-at="2025-08-12T15:19:07 IST" name="setUp" finished-at="2025-08-12T15:19:19 IST" duration-ms="11542" status="PASS">
          <params>
            <param index="0">
              <value>
                <![CDATA[firefox]]>
              </value>
            </param>
          </params>
          <reporter-output>
          </reporter-output>
        </test-method> <!-- setUp -->
        <test-method signature="testValidLogin()[pri:0, instance:tests.LoginTest@3911c2a7]" started-at="2025-08-12T15:19:19 IST" name="testValidLogin" finished-at="2025-08-12T15:19:20 IST" duration-ms="1343" status="PASS">
          <reporter-output>
          </reporter-output>
        </test-method> <!-- testValidLogin -->
        <test-method is-config="true" signature="tearDown()[pri:0, instance:tests.LoginTest@3911c2a7]" started-at="2025-08-12T15:19:20 IST" name="tearDown" finished-at="2025-08-12T15:19:22 IST" duration-ms="1343" status="PASS">
          <reporter-output>
          </reporter-output>
        </test-method> <!-- tearDown -->
      </class> <!-- tests.LoginTest -->
    </test> <!-- FirefoxTest -->
  </suite> <!-- OrangeHRM Suite -->
</testng-results>
