<?xml version="1.0" encoding="UTF-8"?>
<testng-results ignored="0" total="2" passed="2" failed="0" skipped="0">
  <reporter-output>
  </reporter-output>
  <suite started-at="2025-08-12T06:23:46 IST" name="OrangeHRM Suite" finished-at="2025-08-12T06:23:58 IST" duration-ms="12521">
    <groups>
    </groups>
    <test started-at="2025-08-12T06:23:46 IST" name="ChromeTest" finished-at="2025-08-12T06:23:52 IST" duration-ms="6053">
      <class name="tests.LoginTest">
        <test-method is-config="true" signature="setUp(java.lang.String)[pri:0, instance:tests.LoginTest@7e6f74c]" started-at="2025-08-12T06:23:46 IST" name="setUp" finished-at="2025-08-12T06:23:51 IST" duration-ms="4859" status="PASS">
          <params>
            <param index="0">
              <value>
                <![CDATA[chrome]]>
              </value>
            </param>
          </params>
          <reporter-output>
          </reporter-output>
        </test-method> <!-- setUp -->
        <test-method signature="testValidLogin()[pri:0, instance:tests.LoginTest@7e6f74c]" started-at="2025-08-12T06:23:51 IST" name="testValidLogin" finished-at="2025-08-12T06:23:52 IST" duration-ms="977" status="PASS">
          <reporter-output>
          </reporter-output>
        </test-method> <!-- testValidLogin -->
        <test-method is-config="true" signature="tearDown()[pri:0, instance:tests.LoginTest@7e6f74c]" started-at="2025-08-12T06:23:52 IST" name="tearDown" finished-at="2025-08-12T06:23:52 IST" duration-ms="185" status="PASS">
          <reporter-output>
          </reporter-output>
        </test-method> <!-- tearDown -->
      </class> <!-- tests.LoginTest -->
    </test> <!-- ChromeTest -->
    <test started-at="2025-08-12T06:23:46 IST" name="FirefoxTest" finished-at="2025-08-12T06:23:58 IST" duration-ms="12521">
      <class name="tests.LoginTest">
        <test-method is-config="true" signature="setUp(java.lang.String)[pri:0, instance:tests.LoginTest@75db5df9]" started-at="2025-08-12T06:23:46 IST" name="setUp" finished-at="2025-08-12T06:23:56 IST" duration-ms="9983" status="PASS">
          <params>
            <param index="0">
              <value>
                <![CDATA[firefox]]>
              </value>
            </param>
          </params>
          <reporter-output>
          </reporter-output>
        </test-method> <!-- setUp -->
        <test-method signature="testValidLogin()[pri:0, instance:tests.LoginTest@75db5df9]" started-at="2025-08-12T06:23:56 IST" name="testValidLogin" finished-at="2025-08-12T06:23:57 IST" duration-ms="1563" status="PASS">
          <reporter-output>
          </reporter-output>
        </test-method> <!-- testValidLogin -->
        <test-method is-config="true" signature="tearDown()[pri:0, instance:tests.LoginTest@75db5df9]" started-at="2025-08-12T06:23:57 IST" name="tearDown" finished-at="2025-08-12T06:23:58 IST" duration-ms="950" status="PASS">
          <reporter-output>
          </reporter-output>
        </test-method> <!-- tearDown -->
      </class> <!-- tests.LoginTest -->
    </test> <!-- FirefoxTest -->
  </suite> <!-- OrangeHRM Suite -->
</testng-results>
